<?xml version="1.0" encoding="UTF-8"?>
<!-- Generated by org.testng.reporters.JUnitReportReporter -->
<testsuite hostname="Simrans-Air.ht.home" failures="0" tests="1" name="testLayer.GuestUserTL" time="12.045" errors="0" timestamp="2022-03-11T13:24:51 EST" skipped="0">
  <testcase classname="testLayer.GuestUserTL" name="sort" time="12.045"/>
  <system-out/>
</testsuite> <!-- testLayer.GuestUserTL -->
