<?xml version="1.0" encoding="UTF-8"?>
<!-- Generated by org.testng.reporters.JUnitReportReporter -->
<testsuite hostname="Simrans-Air.ht.home" failures="0" tests="1" name="testLayer.CreateAccount" time="7.193" errors="0" timestamp="2022-03-08T15:09:51 EST" skipped="0">
  <testcase classname="testLayer.CreateAccount" name="checkboxEmails" time="7.193"/>
  <system-out/>
</testsuite> <!-- testLayer.CreateAccount -->
